<?xml version="1.0" encoding="utf-8"?><testsuites><testsuite name="pytest" errors="0" failures="0" skipped="0" tests="95" time="15.012" timestamp="2026-09-21T23:17:13.795554+00:00" hostname="agent-env-19d88768-5e30-48c9-99b6-25e65f53b4c7"><testcase classname="tests.test_billing" name="test_billing_status_returns_trialing" time="0.279" /><testcase classname="tests.test_billing" name="test_billing_status_requires_admin" time="0.235" /><testcase classname="tests.test_billing" name="test_billing_status_without_stripe_configured" time="0.240" /><testcase classname="tests.test_billing" name="test_billing_checkout_requires_admin" time="0.234" /><testcase classname="tests.test_billing" name="test_billing_checkout_returns_url_when_mocked" time="0.990" /><testcase classname="tests.test_billing" name="test_billing_portal_fails_if_no_customer" time="0.242" /><testcase classname="tests.test_billing" name="test_webhook_rejects_invalid_signature" time="0.002" /><testcase classname="tests.test_billing" name="test_webhook_requires_secret_configured" time="0.002" /><testcase classname="tests.test_billing" name="test_webhook_processes_subscription_created" time="0.369" /><testcase classname="tests.test_billing" name="test_webhook_idempotent" time="0.423" /><testcase classname="tests.test_billing" name="test_webhook_unknown_event_marked_ignored" time="0.060" /><testcase classname="tests.test_billing_live_http" name="test_health_ok" time="0.023" /><testcase classname="tests.test_billing_live_http" name="test_admin_status_trialing_and_no_stripe_ids_leaked" time="0.497" /><testcase classname="tests.test_billing_live_http" name="test_non_admin_403_on_status_and_checkout" time="0.258" /><testcase classname="tests.test_billing_live_http" name="test_checkout_422_when_stripe_not_configured" time="0.499" /><testcase classname="tests.test_billing_live_http" name="test_portal_422_when_no_stripe_customer" time="0.492" /><testcase classname="tests.test_billing_live_http" name="test_webhook_400_invalid_signature_bad_header" time="0.023" /><testcase classname="tests.test_billing_live_http" name="test_webhook_400_missing_signature_header" time="0.025" /><testcase classname="tests.test_clinical_records" name="test_create_and_edit_within_window" time="0.502" /><testcase classname="tests.test_clinical_records" name="test_lock_blocks_edit_and_allows_addendum" time="0.051" /><testcase classname="tests.test_clinical_records" name="test_list_records_paginated" time="0.014" /><testcase classname="tests.test_odontogram" name="test_add_procedure_creates_projection_and_event" time="0.023" /><testcase classname="tests.test_odontogram" name="test_invalid_fdi_returns_422" time="0.004" /><testcase classname="tests.test_odontogram" name="test_invalid_face_returns_422" time="0.004" /><testcase classname="tests.test_odontogram" name="test_state_machine_valid_transition" time="0.012" /><testcase classname="tests.test_odontogram" name="test_state_machine_invalid_transition" time="0.011" /><testcase classname="tests.test_odontogram" name="test_remove_procedure_cancels" time="0.013" /><testcase classname="tests.test_odontogram" name="test_add_note" time="0.005" /><testcase classname="tests.test_quotes" name="test_create_quote_from_tooth_procedure_snapshots" time="0.019" /><testcase classname="tests.test_quotes" name="test_create_quote_with_discount_exceeding_total_returns_422" time="0.011" /><testcase classname="tests.test_quotes" name="test_approve_item_triggers_odontogram_bridge" time="0.241" /><testcase classname="tests.test_quotes" name="test_partial_approval_state" time="0.047" /><testcase classname="tests.test_quotes" name="test_double_decision_is_blocked" time="0.030" /><testcase classname="tests.test_quotes" name="test_cancel_quote" time="0.025" /><testcase classname="tests.test_quotes" name="test_adhoc_item_does_not_trigger_bridge" time="0.018" /><testcase classname="tests.test_quotes" name="test_list_quotes_paginated" time="0.006" /><testcase classname="tests.test_signup" name="test_signup_happy_path" time="0.240" /><testcase classname="tests.test_signup" name="test_signup_normalizes_cnpj_and_email" time="0.242" /><testcase classname="tests.test_signup" name="test_signup_duplicate_cnpj" time="0.240" /><testcase classname="tests.test_signup" name="test_signup_duplicate_email" time="0.239" /><testcase classname="tests.test_signup" name="test_signup_invalid_cnpj" time="0.002" /><testcase classname="tests.test_signup" name="test_signup_weak_password" time="0.003" /><testcase classname="tests.test_signup" name="test_signup_invalid_plan" time="0.001" /><testcase classname="tests.test_signup" name="test_signup_creates_default_data" time="0.250" /><testcase classname="tests.test_signup" name="test_signup_essencial_plan_has_limited_features" time="0.246" /><testcase classname="tests.test_subscription_gate" name="test_trialing_active_passes" time="0.242" /><testcase classname="tests.test_subscription_gate" name="test_trial_expired_blocks" time="0.266" /><testcase classname="tests.test_subscription_gate" name="test_past_due_blocks" time="0.277" /><testcase classname="tests.test_subscription_gate" name="test_canceled_blocks" time="0.274" /><testcase classname="tests.test_subscription_gate" name="test_active_subscription_passes" time="0.299" /><testcase classname="tests.test_subscription_gate" name="test_billing_routes_always_accessible_when_blocked" time="0.278" /><testcase classname="tests.test_subscription_gate" name="test_auth_routes_always_accessible_when_blocked" time="0.515" /><testcase classname="tests.test_subscription_gate" name="test_health_always_accessible" time="0.001" /><testcase classname="tests.test_subscription_gate" name="test_anonymous_requests_not_blocked" time="0.001" /><testcase classname="tests.test_subscription_gate" name="test_gate_can_be_disabled" time="0.315" /><testcase classname="tests.test_subscription_gate_live_http" name="test_gate_is_enabled_on_running_server" time="0.022" /><testcase classname="tests.test_subscription_gate_live_http" name="test_business_routes_blocked_when_canceled[/api/patients]" time="0.252" /><testcase classname="tests.test_subscription_gate_live_http" name="test_business_routes_blocked_when_canceled[/api/agenda/appointments]" time="0.254" /><testcase classname="tests.test_subscription_gate_live_http" name="test_business_routes_blocked_when_canceled[/api/finance/quotes]" time="0.247" /><testcase classname="tests.test_subscription_gate_live_http" name="test_business_routes_blocked_when_canceled[/api/procedures]" time="0.248" /><testcase classname="tests.test_subscription_gate_live_http" name="test_business_routes_blocked_when_canceled[/api/specialties]" time="0.248" /><testcase classname="tests.test_subscription_gate_live_http" name="test_business_routes_blocked_when_canceled[/api/clinic-features]" time="0.251" /><testcase classname="tests.test_subscription_gate_live_http" name="test_business_routes_blocked_when_canceled[/api/clinics/me]" time="0.249" /><testcase classname="tests.test_subscription_gate_live_http" name="test_business_routes_blocked_when_trial_expired[/api/patients]" time="0.248" /><testcase classname="tests.test_subscription_gate_live_http" name="test_business_routes_blocked_when_trial_expired[/api/agenda/appointments]" time="0.248" /><testcase classname="tests.test_subscription_gate_live_http" name="test_business_routes_blocked_when_trial_expired[/api/finance/quotes]" time="0.261" /><testcase classname="tests.test_subscription_gate_live_http" name="test_past_due_blocks" time="0.248" /><testcase classname="tests.test_subscription_gate_live_http" name="test_active_bypasses_expired_trial" time="0.250" /><testcase classname="tests.test_subscription_gate_live_http" name="test_billing_status_accessible_when_past_due" time="0.250" /><testcase classname="tests.test_subscription_gate_live_http" name="test_billing_checkout_returns_422_not_402_when_blocked" time="0.252" /><testcase classname="tests.test_subscription_gate_live_http" name="test_auth_login_and_me_accessible_when_canceled" time="0.483" /><testcase classname="tests.test_subscription_gate_live_http" name="test_health_openapi_docs_no_token" time="0.004" /><testcase classname="tests.test_subscription_gate_live_http" name="test_webhook_never_402_invalid_signature" time="0.002" /><testcase classname="tests.test_subscription_gate_live_http" name="test_webhook_never_402_missing_signature" time="0.001" /><testcase classname="tests.test_subscription_gate_live_http" name="test_webhook_never_402_even_with_bearer_of_blocked_clinic" time="0.248" /><testcase classname="tests.test_subscription_gate_live_http" name="test_anonymous_on_business_route_is_401" time="0.001" /><testcase classname="tests.test_subscription_gate_live_http" name="test_malformed_token_is_401" time="0.001" /><testcase classname="tests.test_subscription_gate_live_http" name="test_expired_or_bad_signature_token_is_401" time="0.001" /><testcase classname="tests.test_subscription_gate_live_http" name="test_demo_seed_users_not_blocked[admin@demo.odonto-Admin@123]" time="0.248" /><testcase classname="tests.test_subscription_gate_live_http" name="test_demo_seed_users_not_blocked[dentist@demo.odonto-Dentist@123]" time="0.243" /><testcase classname="tests.test_subscription_gate_live_http" name="test_demo_seed_users_not_blocked[reception@demo.odonto-Reception@123]" time="0.243" /><testcase classname="tests.test_validators" name="test_validate_cnpj_accepts_valid[11.222.333/0001-81-11.222.333/0001-81]" time="0.000" /><testcase classname="tests.test_validators" name="test_validate_cnpj_accepts_valid[00.000.000/0001-91-00.000.000/0001-91]" time="0.000" /><testcase classname="tests.test_validators" name="test_validate_cnpj_accepts_valid[33.000.167/0001-01-33.000.167/0001-01]" time="0.000" /><testcase classname="tests.test_validators" name="test_validate_cnpj_accepts_valid[60.701.190/0001-04-60.701.190/0001-04]" time="0.000" /><testcase classname="tests.test_validators" name="test_validate_cnpj_accepts_valid[27.865.757/0001-02-27.865.757/0001-02]" time="0.000" /><testcase classname="tests.test_validators" name="test_validate_cnpj_rejects_invalid[11.222.333/0001-82]" time="0.000" /><testcase classname="tests.test_validators" name="test_validate_cnpj_rejects_invalid[11.222.333/0001-71]" time="0.000" /><testcase classname="tests.test_validators" name="test_validate_cnpj_rejects_invalid[11.222.333/0001]" time="0.000" /><testcase classname="tests.test_validators" name="test_validate_cnpj_rejects_invalid[11.222.333/0001-811]" time="0.000" /><testcase classname="tests.test_validators" name="test_validate_cnpj_rejects_invalid[00.000.000/0000-00]" time="0.000" /><testcase classname="tests.test_validators" name="test_normalize_cnpj_strips_mask" time="0.000" /><testcase classname="tests.test_validators" name="test_validate_cnpj_formats_unmasked_input" time="0.000" /><testcase classname="tests.test_validators" name="test_normalize_cnpj_rejects_repeating_sequence" time="0.000" /><testcase classname="tests.test_validators" name="test_normalize_cnpj_rejects_wrong_length" time="0.000" /></testsuite></testsuites>