<?xml version="1.0" encoding="utf-8"?><testsuites><testsuite name="pytest" errors="0" failures="0" skipped="0" tests="52" time="5.848" timestamp="2026-09-21T22:18:51.137675+00:00" hostname="agent-env-19d88768-5e30-48c9-99b6-25e65f53b4c7"><testcase classname="tests.test_billing" name="test_billing_status_returns_trialing" time="0.362" /><testcase classname="tests.test_billing" name="test_billing_status_requires_admin" time="0.237" /><testcase classname="tests.test_billing" name="test_billing_status_without_stripe_configured" time="0.249" /><testcase classname="tests.test_billing" name="test_billing_checkout_requires_admin" time="0.237" /><testcase classname="tests.test_billing" name="test_billing_checkout_returns_url_when_mocked" time="0.987" /><testcase classname="tests.test_billing" name="test_billing_portal_fails_if_no_customer" time="0.239" /><testcase classname="tests.test_billing" name="test_webhook_rejects_invalid_signature" time="0.004" /><testcase classname="tests.test_billing" name="test_webhook_requires_secret_configured" time="0.002" /><testcase classname="tests.test_billing" name="test_webhook_processes_subscription_created" time="0.393" /><testcase classname="tests.test_billing" name="test_webhook_idempotent" time="0.420" /><testcase classname="tests.test_billing" name="test_webhook_unknown_event_marked_ignored" time="0.058" /><testcase classname="tests.test_clinical_records" name="test_create_and_edit_within_window" time="0.501" /><testcase classname="tests.test_clinical_records" name="test_lock_blocks_edit_and_allows_addendum" time="0.034" /><testcase classname="tests.test_clinical_records" name="test_list_records_paginated" time="0.012" /><testcase classname="tests.test_odontogram" name="test_add_procedure_creates_projection_and_event" time="0.040" /><testcase classname="tests.test_odontogram" name="test_invalid_fdi_returns_422" time="0.003" /><testcase classname="tests.test_odontogram" name="test_invalid_face_returns_422" time="0.002" /><testcase classname="tests.test_odontogram" name="test_state_machine_valid_transition" time="0.012" /><testcase classname="tests.test_odontogram" name="test_state_machine_invalid_transition" time="0.008" /><testcase classname="tests.test_odontogram" name="test_remove_procedure_cancels" time="0.010" /><testcase classname="tests.test_odontogram" name="test_add_note" time="0.005" /><testcase classname="tests.test_quotes" name="test_create_quote_from_tooth_procedure_snapshots" time="0.022" /><testcase classname="tests.test_quotes" name="test_create_quote_with_discount_exceeding_total_returns_422" time="0.009" /><testcase classname="tests.test_quotes" name="test_approve_item_triggers_odontogram_bridge" time="0.296" /><testcase classname="tests.test_quotes" name="test_partial_approval_state" time="0.049" /><testcase classname="tests.test_quotes" name="test_double_decision_is_blocked" time="0.022" /><testcase classname="tests.test_quotes" name="test_cancel_quote" time="0.021" /><testcase classname="tests.test_quotes" name="test_adhoc_item_does_not_trigger_bridge" time="0.015" /><testcase classname="tests.test_quotes" name="test_list_quotes_paginated" time="0.007" /><testcase classname="tests.test_signup" name="test_signup_happy_path" time="0.248" /><testcase classname="tests.test_signup" name="test_signup_normalizes_cnpj_and_email" time="0.240" /><testcase classname="tests.test_signup" name="test_signup_duplicate_cnpj" time="0.244" /><testcase classname="tests.test_signup" name="test_signup_duplicate_email" time="0.238" /><testcase classname="tests.test_signup" name="test_signup_invalid_cnpj" time="0.002" /><testcase classname="tests.test_signup" name="test_signup_weak_password" time="0.003" /><testcase classname="tests.test_signup" name="test_signup_invalid_plan" time="0.001" /><testcase classname="tests.test_signup" name="test_signup_creates_default_data" time="0.252" /><testcase classname="tests.test_signup" name="test_signup_essencial_plan_has_limited_features" time="0.242" /><testcase classname="tests.test_validators" name="test_validate_cnpj_accepts_valid[11.222.333/0001-81-11.222.333/0001-81]" time="0.000" /><testcase classname="tests.test_validators" name="test_validate_cnpj_accepts_valid[00.000.000/0001-91-00.000.000/0001-91]" time="0.000" /><testcase classname="tests.test_validators" name="test_validate_cnpj_accepts_valid[33.000.167/0001-01-33.000.167/0001-01]" time="0.000" /><testcase classname="tests.test_validators" name="test_validate_cnpj_accepts_valid[60.701.190/0001-04-60.701.190/0001-04]" time="0.000" /><testcase classname="tests.test_validators" name="test_validate_cnpj_accepts_valid[27.865.757/0001-02-27.865.757/0001-02]" time="0.000" /><testcase classname="tests.test_validators" name="test_validate_cnpj_rejects_invalid[11.222.333/0001-82]" time="0.000" /><testcase classname="tests.test_validators" name="test_validate_cnpj_rejects_invalid[11.222.333/0001-71]" time="0.000" /><testcase classname="tests.test_validators" name="test_validate_cnpj_rejects_invalid[11.222.333/0001]" time="0.000" /><testcase classname="tests.test_validators" name="test_validate_cnpj_rejects_invalid[11.222.333/0001-811]" time="0.000" /><testcase classname="tests.test_validators" name="test_validate_cnpj_rejects_invalid[00.000.000/0000-00]" time="0.000" /><testcase classname="tests.test_validators" name="test_normalize_cnpj_strips_mask" time="0.000" /><testcase classname="tests.test_validators" name="test_validate_cnpj_formats_unmasked_input" time="0.000" /><testcase classname="tests.test_validators" name="test_normalize_cnpj_rejects_repeating_sequence" time="0.000" /><testcase classname="tests.test_validators" name="test_normalize_cnpj_rejects_wrong_length" time="0.000" /></testsuite></testsuites>